<?xml version="1.0" encoding="UTF-8"?>
<testng-results skipped="1" failed="0" ignored="0" total="1" passed="0">
  <reporter-output>
  </reporter-output>
  <suite name="Default suite" duration-ms="996" started-at="2023-01-15T06:07:59 CLST" finished-at="2023-01-15T06:08:00 CLST">
    <groups>
    </groups>
    <test name="Default test" duration-ms="996" started-at="2023-01-15T06:07:59 CLST" finished-at="2023-01-15T06:08:00 CLST">
      <class name="SeleniunTest.csSeleniunTest">
        <test-method status="FAIL" signature="beforeTest()[pri:0, instance:SeleniunTest.csSeleniunTest@a74868d]" name="beforeTest" is-config="true" duration-ms="973" started-at="2023-01-15T06:07:59 CLST" finished-at="2023-01-15T06:08:00 CLST">
          <exception class="org.openqa.selenium.WebDriverException">
            <message>
              <![CDATA[unknown error: cannot find Chrome binary
Build info: version: '3.141.59', revision: 'e82be7d358', time: '2018-11-14T08:17:03'
System info: host: 'DESKTOP-10HFTLR', ip: '192.168.0.10', os.name: 'Windows 10', os.arch: 'amd64', os.version: '10.0', java.version: '1.8.0_341'
Driver info: driver.version: ChromeDriver
remote stacktrace: Backtrace:
Ordinal0 [0x004D1B23+1448739]
Ordinal0 [0x00455A11+940561]
Ordinal0 [0x003E2293+467603]
Ordinal0 [0x0037B6C1+46785]
Ordinal0 [0x00398D19+167193]
Ordinal0 [0x003988ED+166125]
Ordinal0 [0x00396FFB+159739]
Ordinal0 [0x003809F6+68086]
Ordinal0 [0x00381990+72080]
Ordinal0 [0x00381929+71977]
GetHandleVerifier [0x00612E4C+1172140]
GetHandleVerifier [0x0056FE35+504469]
GetHandleVerifier [0x0056FBD0+503856]
Ordinal0 [0x004DC9A8+1493416]
GetHandleVerifier [0x0057060A+506474]
Ordinal0 [0x00467136+1012022]
Ordinal0 [0x00466FAF+1011631]
Ordinal0 [0x0047133B+1053499]
Ordinal0 [0x004714A3+1053859]
Ordinal0 [0x004704D5+1049813]
BaseThreadInitThunk [0x76DB00F9+25]
RtlGetAppContainerNamedObjectPath [0x76EF7BBE+286]
RtlGetAppContainerNamedObjectPath [0x76EF7B8E+238]
]]>
            </message>
            <full-stacktrace>
              <![CDATA[org.openqa.selenium.WebDriverException: unknown error: cannot find Chrome binary
Build info: version: '3.141.59', revision: 'e82be7d358', time: '2018-11-14T08:17:03'
System info: host: 'DESKTOP-10HFTLR', ip: '192.168.0.10', os.name: 'Windows 10', os.arch: 'amd64', os.version: '10.0', java.version: '1.8.0_341'
Driver info: driver.version: ChromeDriver
remote stacktrace: Backtrace:
Ordinal0 [0x004D1B23+1448739]
Ordinal0 [0x00455A11+940561]
Ordinal0 [0x003E2293+467603]
Ordinal0 [0x0037B6C1+46785]
Ordinal0 [0x00398D19+167193]
Ordinal0 [0x003988ED+166125]
Ordinal0 [0x00396FFB+159739]
Ordinal0 [0x003809F6+68086]
Ordinal0 [0x00381990+72080]
Ordinal0 [0x00381929+71977]
GetHandleVerifier [0x00612E4C+1172140]
GetHandleVerifier [0x0056FE35+504469]
GetHandleVerifier [0x0056FBD0+503856]
Ordinal0 [0x004DC9A8+1493416]
GetHandleVerifier [0x0057060A+506474]
Ordinal0 [0x00467136+1012022]
Ordinal0 [0x00466FAF+1011631]
Ordinal0 [0x0047133B+1053499]
Ordinal0 [0x004714A3+1053859]
Ordinal0 [0x004704D5+1049813]
BaseThreadInitThunk [0x76DB00F9+25]
RtlGetAppContainerNamedObjectPath [0x76EF7BBE+286]
RtlGetAppContainerNamedObjectPath [0x76EF7B8E+238]

at sun.reflect.NativeConstructorAccessorImpl.newInstance0(Native Method)
at sun.reflect.NativeConstructorAccessorImpl.newInstance(NativeConstructorAccessorImpl.java:62)
at sun.reflect.DelegatingConstructorAccessorImpl.newInstance(DelegatingConstructorAccessorImpl.java:45)
at java.lang.reflect.Constructor.newInstance(Constructor.java:423)
at org.openqa.selenium.remote.W3CHandshakeResponse.lambda$errorHandler$0(W3CHandshakeResponse.java:62)
at org.openqa.selenium.remote.HandshakeResponse.lambda$getResponseFunction$0(HandshakeResponse.java:30)
at org.openqa.selenium.remote.ProtocolHandshake.lambda$createSession$0(ProtocolHandshake.java:126)
at java.util.stream.ReferencePipeline$3$1.accept(ReferencePipeline.java:193)
at java.util.Spliterators$ArraySpliterator.tryAdvance(Spliterators.java:958)
at java.util.stream.ReferencePipeline.forEachWithCancel(ReferencePipeline.java:126)
at java.util.stream.AbstractPipeline.copyIntoWithCancel(AbstractPipeline.java:499)
at java.util.stream.AbstractPipeline.copyInto(AbstractPipeline.java:486)
at java.util.stream.AbstractPipeline.wrapAndCopyInto(AbstractPipeline.java:472)
at java.util.stream.FindOps$FindOp.evaluateSequential(FindOps.java:152)
at java.util.stream.AbstractPipeline.evaluate(AbstractPipeline.java:234)
at java.util.stream.ReferencePipeline.findFirst(ReferencePipeline.java:464)
at org.openqa.selenium.remote.ProtocolHandshake.createSession(ProtocolHandshake.java:128)
at org.openqa.selenium.remote.ProtocolHandshake.createSession(ProtocolHandshake.java:74)
at org.openqa.selenium.remote.HttpCommandExecutor.execute(HttpCommandExecutor.java:136)
at org.openqa.selenium.remote.service.DriverCommandExecutor.execute(DriverCommandExecutor.java:83)
at org.openqa.selenium.remote.RemoteWebDriver.execute(RemoteWebDriver.java:552)
at org.openqa.selenium.remote.RemoteWebDriver.startSession(RemoteWebDriver.java:213)
at org.openqa.selenium.remote.RemoteWebDriver.<init>(RemoteWebDriver.java:131)
at org.openqa.selenium.chrome.ChromeDriver.<init>(ChromeDriver.java:181)
at org.openqa.selenium.chrome.ChromeDriver.<init>(ChromeDriver.java:168)
at org.openqa.selenium.chrome.ChromeDriver.<init>(ChromeDriver.java:123)
at SeleniunTest.csSeleniunTest.beforeTest(csSeleniunTest.java:36)
at sun.reflect.NativeMethodAccessorImpl.invoke0(Native Method)
at sun.reflect.NativeMethodAccessorImpl.invoke(NativeMethodAccessorImpl.java:62)
at sun.reflect.DelegatingMethodAccessorImpl.invoke(DelegatingMethodAccessorImpl.java:43)
at java.lang.reflect.Method.invoke(Method.java:498)
at org.testng.internal.MethodInvocationHelper.invokeMethod(MethodInvocationHelper.java:133)
at org.testng.internal.MethodInvocationHelper.invokeMethodConsideringTimeout(MethodInvocationHelper.java:62)
at org.testng.internal.ConfigInvoker.invokeConfigurationMethod(ConfigInvoker.java:385)
at org.testng.internal.ConfigInvoker.invokeConfigurations(ConfigInvoker.java:321)
at org.testng.TestRunner.invokeTestConfigurations(TestRunner.java:637)
at org.testng.TestRunner.beforeRun(TestRunner.java:627)
at org.testng.TestRunner.run(TestRunner.java:589)
at org.testng.SuiteRunner.runTest(SuiteRunner.java:377)
at org.testng.SuiteRunner.runSequentially(SuiteRunner.java:371)
at org.testng.SuiteRunner.privateRun(SuiteRunner.java:332)
at org.testng.SuiteRunner.run(SuiteRunner.java:276)
at org.testng.SuiteRunnerWorker.runSuite(SuiteRunnerWorker.java:53)
at org.testng.SuiteRunnerWorker.run(SuiteRunnerWorker.java:96)
at org.testng.TestNG.runSuitesSequentially(TestNG.java:1212)
at org.testng.TestNG.runSuitesLocally(TestNG.java:1134)
at org.testng.TestNG.runSuites(TestNG.java:1063)
at org.testng.TestNG.run(TestNG.java:1031)
at org.testng.remote.AbstractRemoteTestNG.run(AbstractRemoteTestNG.java:115)
at org.testng.remote.RemoteTestNG.initAndRun(RemoteTestNG.java:251)
at org.testng.remote.RemoteTestNG.main(RemoteTestNG.java:77)
]]>
            </full-stacktrace>
          </exception> <!-- org.openqa.selenium.WebDriverException -->
          <reporter-output>
          </reporter-output>
        </test-method> <!-- beforeTest -->
        <test-method status="SKIP" signature="f()[pri:0, instance:SeleniunTest.csSeleniunTest@a74868d]" name="f" duration-ms="0" started-at="2023-01-15T06:08:00 CLST" finished-at="2023-01-15T06:08:00 CLST">
          <exception class="org.openqa.selenium.WebDriverException">
            <message>
              <![CDATA[unknown error: cannot find Chrome binary
Build info: version: '3.141.59', revision: 'e82be7d358', time: '2018-11-14T08:17:03'
System info: host: 'DESKTOP-10HFTLR', ip: '192.168.0.10', os.name: 'Windows 10', os.arch: 'amd64', os.version: '10.0', java.version: '1.8.0_341'
Driver info: driver.version: ChromeDriver
remote stacktrace: Backtrace:
Ordinal0 [0x004D1B23+1448739]
Ordinal0 [0x00455A11+940561]
Ordinal0 [0x003E2293+467603]
Ordinal0 [0x0037B6C1+46785]
Ordinal0 [0x00398D19+167193]
Ordinal0 [0x003988ED+166125]
Ordinal0 [0x00396FFB+159739]
Ordinal0 [0x003809F6+68086]
Ordinal0 [0x00381990+72080]
Ordinal0 [0x00381929+71977]
GetHandleVerifier [0x00612E4C+1172140]
GetHandleVerifier [0x0056FE35+504469]
GetHandleVerifier [0x0056FBD0+503856]
Ordinal0 [0x004DC9A8+1493416]
GetHandleVerifier [0x0057060A+506474]
Ordinal0 [0x00467136+1012022]
Ordinal0 [0x00466FAF+1011631]
Ordinal0 [0x0047133B+1053499]
Ordinal0 [0x004714A3+1053859]
Ordinal0 [0x004704D5+1049813]
BaseThreadInitThunk [0x76DB00F9+25]
RtlGetAppContainerNamedObjectPath [0x76EF7BBE+286]
RtlGetAppContainerNamedObjectPath [0x76EF7B8E+238]
]]>
            </message>
            <full-stacktrace>
              <![CDATA[org.openqa.selenium.WebDriverException: unknown error: cannot find Chrome binary
Build info: version: '3.141.59', revision: 'e82be7d358', time: '2018-11-14T08:17:03'
System info: host: 'DESKTOP-10HFTLR', ip: '192.168.0.10', os.name: 'Windows 10', os.arch: 'amd64', os.version: '10.0', java.version: '1.8.0_341'
Driver info: driver.version: ChromeDriver
remote stacktrace: Backtrace:
Ordinal0 [0x004D1B23+1448739]
Ordinal0 [0x00455A11+940561]
Ordinal0 [0x003E2293+467603]
Ordinal0 [0x0037B6C1+46785]
Ordinal0 [0x00398D19+167193]
Ordinal0 [0x003988ED+166125]
Ordinal0 [0x00396FFB+159739]
Ordinal0 [0x003809F6+68086]
Ordinal0 [0x00381990+72080]
Ordinal0 [0x00381929+71977]
GetHandleVerifier [0x00612E4C+1172140]
GetHandleVerifier [0x0056FE35+504469]
GetHandleVerifier [0x0056FBD0+503856]
Ordinal0 [0x004DC9A8+1493416]
GetHandleVerifier [0x0057060A+506474]
Ordinal0 [0x00467136+1012022]
Ordinal0 [0x00466FAF+1011631]
Ordinal0 [0x0047133B+1053499]
Ordinal0 [0x004714A3+1053859]
Ordinal0 [0x004704D5+1049813]
BaseThreadInitThunk [0x76DB00F9+25]
RtlGetAppContainerNamedObjectPath [0x76EF7BBE+286]
RtlGetAppContainerNamedObjectPath [0x76EF7B8E+238]

at sun.reflect.NativeConstructorAccessorImpl.newInstance0(Native Method)
at sun.reflect.NativeConstructorAccessorImpl.newInstance(NativeConstructorAccessorImpl.java:62)
at sun.reflect.DelegatingConstructorAccessorImpl.newInstance(DelegatingConstructorAccessorImpl.java:45)
at java.lang.reflect.Constructor.newInstance(Constructor.java:423)
at org.openqa.selenium.remote.W3CHandshakeResponse.lambda$errorHandler$0(W3CHandshakeResponse.java:62)
at org.openqa.selenium.remote.HandshakeResponse.lambda$getResponseFunction$0(HandshakeResponse.java:30)
at org.openqa.selenium.remote.ProtocolHandshake.lambda$createSession$0(ProtocolHandshake.java:126)
at java.util.stream.ReferencePipeline$3$1.accept(ReferencePipeline.java:193)
at java.util.Spliterators$ArraySpliterator.tryAdvance(Spliterators.java:958)
at java.util.stream.ReferencePipeline.forEachWithCancel(ReferencePipeline.java:126)
at java.util.stream.AbstractPipeline.copyIntoWithCancel(AbstractPipeline.java:499)
at java.util.stream.AbstractPipeline.copyInto(AbstractPipeline.java:486)
at java.util.stream.AbstractPipeline.wrapAndCopyInto(AbstractPipeline.java:472)
at java.util.stream.FindOps$FindOp.evaluateSequential(FindOps.java:152)
at java.util.stream.AbstractPipeline.evaluate(AbstractPipeline.java:234)
at java.util.stream.ReferencePipeline.findFirst(ReferencePipeline.java:464)
at org.openqa.selenium.remote.ProtocolHandshake.createSession(ProtocolHandshake.java:128)
at org.openqa.selenium.remote.ProtocolHandshake.createSession(ProtocolHandshake.java:74)
at org.openqa.selenium.remote.HttpCommandExecutor.execute(HttpCommandExecutor.java:136)
at org.openqa.selenium.remote.service.DriverCommandExecutor.execute(DriverCommandExecutor.java:83)
at org.openqa.selenium.remote.RemoteWebDriver.execute(RemoteWebDriver.java:552)
at org.openqa.selenium.remote.RemoteWebDriver.startSession(RemoteWebDriver.java:213)
at org.openqa.selenium.remote.RemoteWebDriver.<init>(RemoteWebDriver.java:131)
at org.openqa.selenium.chrome.ChromeDriver.<init>(ChromeDriver.java:181)
at org.openqa.selenium.chrome.ChromeDriver.<init>(ChromeDriver.java:168)
at org.openqa.selenium.chrome.ChromeDriver.<init>(ChromeDriver.java:123)
at SeleniunTest.csSeleniunTest.beforeTest(csSeleniunTest.java:36)
at sun.reflect.NativeMethodAccessorImpl.invoke0(Native Method)
at sun.reflect.NativeMethodAccessorImpl.invoke(NativeMethodAccessorImpl.java:62)
at sun.reflect.DelegatingMethodAccessorImpl.invoke(DelegatingMethodAccessorImpl.java:43)
at java.lang.reflect.Method.invoke(Method.java:498)
at org.testng.internal.MethodInvocationHelper.invokeMethod(MethodInvocationHelper.java:133)
at org.testng.internal.MethodInvocationHelper.invokeMethodConsideringTimeout(MethodInvocationHelper.java:62)
at org.testng.internal.ConfigInvoker.invokeConfigurationMethod(ConfigInvoker.java:385)
at org.testng.internal.ConfigInvoker.invokeConfigurations(ConfigInvoker.java:321)
at org.testng.TestRunner.invokeTestConfigurations(TestRunner.java:637)
at org.testng.TestRunner.beforeRun(TestRunner.java:627)
at org.testng.TestRunner.run(TestRunner.java:589)
at org.testng.SuiteRunner.runTest(SuiteRunner.java:377)
at org.testng.SuiteRunner.runSequentially(SuiteRunner.java:371)
at org.testng.SuiteRunner.privateRun(SuiteRunner.java:332)
at org.testng.SuiteRunner.run(SuiteRunner.java:276)
at org.testng.SuiteRunnerWorker.runSuite(SuiteRunnerWorker.java:53)
at org.testng.SuiteRunnerWorker.run(SuiteRunnerWorker.java:96)
at org.testng.TestNG.runSuitesSequentially(TestNG.java:1212)
at org.testng.TestNG.runSuitesLocally(TestNG.java:1134)
at org.testng.TestNG.runSuites(TestNG.java:1063)
at org.testng.TestNG.run(TestNG.java:1031)
at org.testng.remote.AbstractRemoteTestNG.run(AbstractRemoteTestNG.java:115)
at org.testng.remote.RemoteTestNG.initAndRun(RemoteTestNG.java:251)
at org.testng.remote.RemoteTestNG.main(RemoteTestNG.java:77)
]]>
            </full-stacktrace>
          </exception> <!-- org.openqa.selenium.WebDriverException -->
          <reporter-output>
          </reporter-output>
        </test-method> <!-- f -->
        <test-method status="SKIP" signature="afterTest()[pri:0, instance:SeleniunTest.csSeleniunTest@a74868d]" name="afterTest" is-config="true" duration-ms="-1673773680096" started-at="2023-01-15T06:08:00 CLST" finished-at="1969-12-31T21:00:00 CLST">
          <reporter-output>
          </reporter-output>
        </test-method> <!-- afterTest -->
      </class> <!-- SeleniunTest.csSeleniunTest -->
    </test> <!-- Default test -->
  </suite> <!-- Default suite -->
</testng-results>
